[2019-07-09T23:50:13.071] [DEBUG] cheese - login => username:admin,password:123456
[2019-07-09T23:50:13.072] [DEBUG] cheese - admin
[2019-07-09T23:50:13.084] [DEBUG] cheese - null
[2019-07-09T23:50:13.085] [DEBUG] cheese - null
[2020-08-21T19:56:41.736] [DEBUG] cheese - login => username:admin,password:123456
[2020-08-21T19:56:41.737] [DEBUG] cheese - admin
[2020-08-21T19:56:41.745] [DEBUG] cheese - null
[2020-08-21T19:56:41.746] [DEBUG] cheese - null
[2020-08-21T20:00:34.507] [DEBUG] cheese - login => username:admin,password:123456
[2020-08-21T20:00:34.508] [DEBUG] cheese - admin
[2020-08-21T20:00:34.516] [DEBUG] cheese - null
[2020-08-21T20:00:34.516] [DEBUG] cheese - null
[2020-08-23T20:53:08.173] [DEBUG] cheese - login => username:admin,password:123456
[2020-08-23T20:53:08.174] [DEBUG] cheese - admin
[2020-08-23T20:53:08.202] [DEBUG] cheese - null
[2020-08-23T20:53:08.202] [DEBUG] cheese - null
[2020-08-23T21:29:36.543] [DEBUG] cheese - login => username:admin,password:123456
[2020-08-23T21:29:36.545] [DEBUG] cheese - admin
[2020-08-23T21:29:36.551] [DEBUG] cheese - null
[2020-08-23T21:29:36.551] [DEBUG] cheese - null
[2020-08-24T13:05:22.083] [DEBUG] cheese - login => username:admin,password:123456
[2020-08-24T13:05:22.085] [DEBUG] cheese - admin
[2020-08-24T13:05:22.113] [DEBUG] cheese - null
[2020-08-24T13:05:22.113] [DEBUG] cheese - null
[2020-08-25T18:39:28.855] [DEBUG] cheese - login => username:admin,password:123456
[2020-08-25T18:39:28.859] [DEBUG] cheese - admin
[2020-08-25T18:39:28.905] [DEBUG] cheese - null
[2020-08-25T18:39:28.905] [DEBUG] cheese - null
[2020-08-27T10:42:34.997] [DEBUG] cheese - login => username:admin,password:123456
[2020-08-27T10:42:35.003] [DEBUG] cheese - admin
[2020-08-27T10:42:35.049] [DEBUG] cheese - null
[2020-08-27T10:42:35.050] [DEBUG] cheese - null
[2020-08-27T10:42:43.251] [DEBUG] cheese - login => username:admin,password:123456
[2020-08-27T10:42:43.251] [DEBUG] cheese - admin
[2020-08-27T10:42:43.261] [DEBUG] cheese - null
[2020-08-27T10:42:43.261] [DEBUG] cheese - null
[2020-08-27T10:42:57.787] [DEBUG] cheese - login => username:admin,password:123456
[2020-08-27T10:42:57.787] [DEBUG] cheese - admin
[2020-08-27T10:42:57.791] [DEBUG] cheese - null
[2020-08-27T10:42:57.791] [DEBUG] cheese - null
[2020-08-27T10:44:13.088] [DEBUG] cheese - login => username:admin,password:123456
[2020-08-27T10:44:13.089] [DEBUG] cheese - admin
[2020-08-27T10:44:13.093] [DEBUG] cheese - null
[2020-08-27T10:44:13.093] [DEBUG] cheese - null
[2020-08-27T10:52:03.730] [DEBUG] cheese - login => username:admin,password:123456
[2020-08-27T10:52:03.730] [DEBUG] cheese - admin
[2020-08-27T10:52:03.734] [DEBUG] cheese - null
[2020-08-27T10:52:03.734] [DEBUG] cheese - null
[2020-08-27T11:21:19.873] [DEBUG] cheese - login => username:admin,password:123456
[2020-08-27T11:21:19.873] [DEBUG] cheese - admin
[2020-08-27T11:21:19.877] [DEBUG] cheese - null
[2020-08-27T11:21:19.877] [DEBUG] cheese - null
[2020-08-27T11:24:33.352] [DEBUG] cheese - login => username:admin,password:123456
[2020-08-27T11:24:33.352] [DEBUG] cheese - admin
[2020-08-27T11:24:33.357] [DEBUG] cheese - null
[2020-08-27T11:24:33.357] [DEBUG] cheese - null
[2020-08-27T11:25:05.866] [DEBUG] cheese - login => username:admin,password:123456
[2020-08-27T11:25:05.866] [DEBUG] cheese - admin
[2020-08-27T11:25:05.870] [DEBUG] cheese - null
[2020-08-27T11:25:05.870] [DEBUG] cheese - null
[2020-08-27T11:49:39.855] [DEBUG] cheese - login => username:admin,password:123456
[2020-08-27T11:49:39.861] [DEBUG] cheese - admin
[2020-08-27T11:49:39.880] [DEBUG] cheese - null
[2020-08-27T11:49:39.881] [DEBUG] cheese - null
[2020-08-27T14:42:01.532] [DEBUG] cheese - login => username:admin,password:123456
[2020-08-27T14:42:01.534] [DEBUG] cheese - admin
[2020-08-27T14:42:01.551] [DEBUG] cheese - null
[2020-08-27T14:42:01.551] [DEBUG] cheese - null
[2020-08-27T14:52:20.052] [DEBUG] cheese - login => username:admin,password:123456
[2020-08-27T14:52:20.052] [DEBUG] cheese - admin
[2020-08-27T14:52:20.058] [DEBUG] cheese - null
[2020-08-27T14:52:20.058] [DEBUG] cheese - null
[2020-08-27T18:56:34.936] [DEBUG] cheese - login => username:admin,password:123456
[2020-08-27T18:56:34.937] [DEBUG] cheese - admin
[2020-08-27T18:56:34.942] [DEBUG] cheese - null
[2020-08-27T18:56:34.942] [DEBUG] cheese - null
[2020-08-27T21:06:38.537] [DEBUG] cheese - login => username:admin,password:123456
[2020-08-27T21:06:38.538] [DEBUG] cheese - admin
[2020-08-27T21:06:38.543] [DEBUG] cheese - null
[2020-08-27T21:06:38.544] [DEBUG] cheese - null
[2020-08-28T09:19:17.010] [DEBUG] cheese - login => username:admin,password:123456
[2020-08-28T09:19:17.012] [DEBUG] cheese - admin
[2020-08-28T09:19:17.021] [DEBUG] cheese - null
[2020-08-28T09:19:17.021] [DEBUG] cheese - null
[2020-08-28T18:59:05.115] [DEBUG] cheese - login => username:admin,password:123456
[2020-08-28T18:59:05.119] [DEBUG] cheese - admin
[2020-08-28T18:59:05.133] [DEBUG] cheese - null
[2020-08-28T18:59:05.134] [DEBUG] cheese - null
[2020-08-30T09:09:32.846] [DEBUG] cheese - login => username:admin,password:123456
[2020-08-30T09:09:32.848] [DEBUG] cheese - admin
[2020-08-30T09:09:32.867] [DEBUG] cheese - null
[2020-08-30T09:09:32.867] [DEBUG] cheese - null
[2020-08-30T10:04:56.141] [DEBUG] cheese - login => username:admin,password:123456
[2020-08-30T10:04:56.142] [DEBUG] cheese - admin
[2020-08-30T10:04:56.163] [DEBUG] cheese - null
[2020-08-30T10:04:56.163] [DEBUG] cheese - null
[2020-08-30T10:15:22.330] [DEBUG] cheese - login => username:admin,password:123456
[2020-08-30T10:15:22.330] [DEBUG] cheese - admin
[2020-08-30T10:15:22.333] [DEBUG] cheese - null
[2020-08-30T10:15:22.334] [DEBUG] cheese - null
[2020-08-30T11:47:59.440] [DEBUG] cheese - login => username:admin,password:123456
[2020-08-30T11:47:59.441] [DEBUG] cheese - admin
[2020-08-30T11:47:59.446] [DEBUG] cheese - null
[2020-08-30T11:47:59.446] [DEBUG] cheese - null
[2020-08-30T21:31:24.110] [DEBUG] cheese - login => username:admin,password:123456
[2020-08-30T21:31:24.112] [DEBUG] cheese - admin
[2020-08-30T21:31:24.117] [DEBUG] cheese - null
[2020-08-30T21:31:24.117] [DEBUG] cheese - null
[2020-08-31T08:56:39.435] [DEBUG] cheese - login => username:admin,password:123456
[2020-08-31T08:56:39.437] [DEBUG] cheese - admin
[2020-08-31T08:56:39.457] [DEBUG] cheese - null
[2020-08-31T08:56:39.458] [DEBUG] cheese - null
[2020-08-31T14:59:14.598] [DEBUG] cheese - login => username:admin,password:123456
[2020-08-31T14:59:14.603] [DEBUG] cheese - admin
[2020-08-31T14:59:14.613] [DEBUG] cheese - null
[2020-08-31T14:59:14.615] [DEBUG] cheese - null
[2020-09-02T08:58:54.865] [DEBUG] cheese - login => username:admin,password:123456
[2020-09-02T08:58:54.868] [DEBUG] cheese - admin
[2020-09-02T08:58:54.885] [DEBUG] cheese - null
[2020-09-02T08:58:54.885] [DEBUG] cheese - null
[2020-09-03T08:59:43.953] [DEBUG] cheese - login => username:admin,password:123456
[2020-09-03T08:59:43.962] [DEBUG] cheese - admin
[2020-09-03T08:59:43.983] [DEBUG] cheese - null
[2020-09-03T08:59:43.989] [DEBUG] cheese - null
[2020-09-03T18:27:27.081] [DEBUG] cheese - login => username:admin,password:123456
[2020-09-03T18:27:27.084] [DEBUG] cheese - admin
[2020-09-03T18:27:27.098] [DEBUG] cheese - null
[2020-09-03T18:27:27.099] [DEBUG] cheese - null
[2020-09-04T11:13:14.053] [DEBUG] cheese - login => username:admin,password:123456
[2020-09-04T11:13:14.054] [DEBUG] cheese - admin
[2020-09-04T11:13:14.068] [DEBUG] cheese - null
[2020-09-04T11:13:14.068] [DEBUG] cheese - null
[2020-09-04T21:09:58.151] [DEBUG] cheese - null
[2020-09-04T21:10:56.026] [DEBUG] cheese - null
[2020-09-04T21:11:08.270] [DEBUG] cheese - null
[2020-09-04T21:11:18.544] [DEBUG] cheese - null
[2020-09-04T21:11:35.409] [DEBUG] cheese - null
[2020-09-05T08:58:31.314] [DEBUG] cheese - login => username:admin,password:123456
[2020-09-05T08:58:31.316] [DEBUG] cheese - admin
[2020-09-05T08:58:31.332] [DEBUG] cheese - null
[2020-09-05T08:58:31.332] [DEBUG] cheese - null
[2020-09-05T09:02:57.667] [DEBUG] cheese - null
[2020-09-05T16:02:48.981] [DEBUG] cheese - login => username:admin,password:123456
[2020-09-05T16:02:48.985] [DEBUG] cheese - admin
[2020-09-05T16:02:48.997] [DEBUG] cheese - null
[2020-09-05T16:02:48.998] [DEBUG] cheese - null
[2020-09-05T18:33:01.749] [DEBUG] cheese - login => username:admin,password:123456
[2020-09-05T18:33:01.751] [DEBUG] cheese - admin
[2020-09-05T18:33:01.775] [DEBUG] cheese - null
[2020-09-05T18:33:01.776] [DEBUG] cheese - null
[2020-09-05T18:47:46.339] [DEBUG] cheese - null
[2020-10-17T12:55:35.004] [DEBUG] cheese - login => username:admin,password:123456
[2020-10-17T12:55:35.006] [DEBUG] cheese - admin
[2020-10-17T12:55:35.065] [DEBUG] cheese - null
[2020-10-17T12:55:35.065] [DEBUG] cheese - null
[2021-01-20T14:12:05.714] [DEBUG] cheese - login => username:123,password:123
[2021-01-20T14:12:05.722] [DEBUG] cheese - 123
[2021-01-20T14:12:06.264] [DEBUG] cheese - null
[2021-01-20T14:12:06.264] [DEBUG] cheese - null
[2021-01-20T14:12:08.824] [DEBUG] cheese - login => username:123,password:123
[2021-01-20T14:12:08.824] [DEBUG] cheese - 123
[2021-01-20T14:12:08.829] [DEBUG] cheese - null
[2021-01-20T14:12:08.830] [DEBUG] cheese - null
[2021-01-20T14:12:23.175] [DEBUG] cheese - login => username:123,password:123
[2021-01-20T14:12:23.175] [DEBUG] cheese - 123
[2021-01-20T14:12:23.185] [DEBUG] cheese - null
[2021-01-20T14:12:23.185] [DEBUG] cheese - null
[2021-01-20T14:12:53.392] [DEBUG] cheese - login => username:123,password:123
[2021-01-20T14:12:53.393] [DEBUG] cheese - 123
[2021-01-20T14:12:53.395] [DEBUG] cheese - null
[2021-01-20T14:12:53.396] [DEBUG] cheese - null
[2021-01-20T14:13:05.315] [DEBUG] cheese - login => username:123,password:123
[2021-01-20T14:13:05.315] [DEBUG] cheese - 123
[2021-01-20T14:13:05.324] [DEBUG] cheese - null
[2021-01-20T14:13:05.324] [DEBUG] cheese - null
[2021-01-20T14:13:17.115] [DEBUG] cheese - login => username:123,password:123
[2021-01-20T14:13:17.115] [DEBUG] cheese - 123
[2021-01-20T14:13:17.118] [DEBUG] cheese - null
[2021-01-20T14:13:17.118] [DEBUG] cheese - null
[2021-01-20T14:15:23.615] [DEBUG] cheese - login => username:admin,password:123456
[2021-01-20T14:15:23.615] [DEBUG] cheese - admin
[2021-01-20T14:15:23.640] [DEBUG] cheese - null
[2021-01-20T14:15:23.640] [DEBUG] cheese - null
[2021-01-20T14:15:33.437] [DEBUG] cheese - login => username:admin,password:123456
[2021-01-20T14:15:33.437] [DEBUG] cheese - admin
[2021-01-20T14:15:33.446] [DEBUG] cheese - null
[2021-01-20T14:15:33.446] [DEBUG] cheese - null
[2021-01-20T14:16:18.850] [DEBUG] cheese - login => username:123,password:123
[2021-01-20T14:16:18.850] [DEBUG] cheese - 123
[2021-01-20T14:16:18.972] [DEBUG] cheese - null
[2021-01-20T14:16:18.972] [DEBUG] cheese - null
[2021-01-20T14:16:20.602] [DEBUG] cheese - login => username:123,password:123
[2021-01-20T14:16:20.602] [DEBUG] cheese - 123
[2021-01-20T14:16:20.617] [DEBUG] cheese - null
[2021-01-20T14:16:20.617] [DEBUG] cheese - null
[2021-01-20T14:16:29.748] [DEBUG] cheese - login => username:123,password:123
[2021-01-20T14:16:29.748] [DEBUG] cheese - 123
[2021-01-20T14:16:29.751] [DEBUG] cheese - null
[2021-01-20T14:16:29.751] [DEBUG] cheese - null
[2021-01-20T14:16:37.157] [DEBUG] cheese - login => username:123,password:123
[2021-01-20T14:16:37.157] [DEBUG] cheese - 123
[2021-01-20T14:16:37.178] [DEBUG] cheese - null
[2021-01-20T14:16:37.179] [DEBUG] cheese - null
[2021-01-20T14:17:23.343] [DEBUG] cheese - login => username:123,password:123
[2021-01-20T14:17:23.343] [DEBUG] cheese - 123
[2021-01-20T14:17:23.354] [DEBUG] cheese - null
[2021-01-20T14:17:23.354] [DEBUG] cheese - null
[2021-01-20T14:17:54.834] [DEBUG] cheese - login => username:admin123,password:123456
[2021-01-20T14:17:54.834] [DEBUG] cheese - admin123
[2021-01-20T14:17:54.848] [DEBUG] cheese - null
[2021-01-20T14:17:54.848] [DEBUG] cheese - null
[2021-01-20T14:26:21.415] [DEBUG] cheese - login => username:admin123,password:123456
[2021-01-20T14:26:21.416] [DEBUG] cheese - admin123
[2021-01-20T14:26:21.429] [DEBUG] cheese - null
[2021-01-20T14:26:21.429] [DEBUG] cheese - null
[2021-01-20T14:26:39.832] [DEBUG] cheese - login => username:admin123,password:123456
[2021-01-20T14:26:39.832] [DEBUG] cheese - admin123
[2021-01-20T14:26:39.954] [DEBUG] cheese - null
[2021-01-20T14:26:39.954] [DEBUG] cheese - null
[2021-01-20T14:26:44.191] [DEBUG] cheese - login => username:admin123,password:123456
[2021-01-20T14:26:44.191] [DEBUG] cheese - admin123
[2021-01-20T14:26:44.199] [DEBUG] cheese - null
[2021-01-20T14:26:44.199] [DEBUG] cheese - null
[2021-01-20T15:25:14.586] [DEBUG] cheese - login => username:admin123,password:123456
[2021-01-20T15:25:14.586] [DEBUG] cheese - admin123
[2021-01-20T15:25:14.659] [DEBUG] cheese - null
[2021-01-20T15:25:14.659] [DEBUG] cheese - null
[2021-01-20T15:30:07.996] [DEBUG] cheese - login => username:ww,password:123456
[2021-01-20T15:30:07.997] [DEBUG] cheese - ww
[2021-01-20T15:30:08.004] [DEBUG] cheese - null
[2021-01-20T15:30:08.004] [DEBUG] cheese - null
[2021-01-20T15:30:14.909] [DEBUG] cheese - login => username:ww,password:123456
[2021-01-20T15:30:14.910] [DEBUG] cheese - ww
[2021-01-20T15:30:14.932] [DEBUG] cheese - null
[2021-01-20T15:30:14.932] [DEBUG] cheese - null
[2021-01-20T15:30:56.668] [DEBUG] cheese - login => username:ww,password:123
[2021-01-20T15:30:56.668] [DEBUG] cheese - ww
[2021-01-20T15:30:56.796] [DEBUG] cheese - null
[2021-01-20T15:30:56.796] [DEBUG] cheese - null
[2021-01-20T15:32:12.333] [DEBUG] cheese - login => username:admin,password:123
[2021-01-20T15:32:12.333] [DEBUG] cheese - admin
[2021-01-20T15:32:12.370] [DEBUG] cheese - null
[2021-01-20T15:32:12.370] [DEBUG] cheese - null
[2021-01-20T15:32:22.462] [DEBUG] cheese - login => username:admin,password:123456
[2021-01-20T15:32:22.462] [DEBUG] cheese - admin
[2021-01-20T15:32:22.491] [DEBUG] cheese - null
[2021-01-20T15:32:22.491] [DEBUG] cheese - null
[2021-01-20T15:32:27.007] [DEBUG] cheese - login => username:admin,password:123456
[2021-01-20T15:32:27.007] [DEBUG] cheese - admin
[2021-01-20T15:32:27.013] [DEBUG] cheese - null
[2021-01-20T15:32:27.013] [DEBUG] cheese - null
[2021-01-20T16:45:57.180] [DEBUG] cheese - login => username:admin,password:123456
[2021-01-20T16:45:57.184] [DEBUG] cheese - admin
[2021-01-20T16:45:57.249] [DEBUG] cheese - null
[2021-01-20T16:45:57.250] [DEBUG] cheese - null
[2021-01-20T16:46:19.770] [DEBUG] cheese - login => username:admin,password:123456
[2021-01-20T16:46:19.771] [DEBUG] cheese - admin
[2021-01-20T16:46:19.776] [DEBUG] cheese - null
[2021-01-20T16:46:19.776] [DEBUG] cheese - null
[2021-01-20T17:04:49.483] [DEBUG] cheese - login => username:admin,password:123456
[2021-01-20T17:04:49.485] [DEBUG] cheese - admin
[2021-01-20T17:04:49.504] [DEBUG] cheese - null
[2021-01-20T17:04:49.504] [DEBUG] cheese - null
[2021-01-20T17:09:02.160] [DEBUG] cheese - login => username:admin,password:123456
[2021-01-20T17:09:02.160] [DEBUG] cheese - admin
[2021-01-20T17:09:02.164] [DEBUG] cheese - null
[2021-01-20T17:09:02.165] [DEBUG] cheese - null
[2021-01-20T17:10:13.650] [DEBUG] cheese - login => username:admin,password:123456
[2021-01-20T17:10:13.651] [DEBUG] cheese - admin
[2021-01-20T17:10:13.655] [DEBUG] cheese - null
[2021-01-20T17:10:13.655] [DEBUG] cheese - null
[2021-01-21T13:16:06.077] [DEBUG] cheese - login => username:admin,password:123456
[2021-01-21T13:16:06.083] [DEBUG] cheese - admin
[2021-01-21T13:16:06.277] [DEBUG] cheese - null
[2021-01-21T13:16:06.277] [DEBUG] cheese - null
[2021-01-21T13:17:22.541] [DEBUG] cheese - login => username:admin,password:123456
[2021-01-21T13:17:22.543] [DEBUG] cheese - admin
[2021-01-21T13:17:22.661] [DEBUG] cheese - null
[2021-01-21T13:17:22.662] [DEBUG] cheese - null
[2021-01-21T13:17:44.294] [DEBUG] cheese - login => username:admin,password:123456
[2021-01-21T13:17:44.298] [DEBUG] cheese - admin
[2021-01-21T13:17:44.403] [DEBUG] cheese - null
[2021-01-21T13:17:44.403] [DEBUG] cheese - null
[2021-01-22T16:51:15.373] [DEBUG] cheese - login => username:admin,password:123456
[2021-01-22T16:54:10.776] [DEBUG] cheese - login => username:admin,password:123456
[2021-01-22T16:54:10.780] [DEBUG] cheese - admin
[2021-01-22T16:54:10.910] [DEBUG] cheese - null
[2021-01-22T16:54:10.910] [DEBUG] cheese - null
[2021-01-22T16:54:41.987] [DEBUG] cheese - login => username:admin,password:123456
[2021-01-22T16:54:41.990] [DEBUG] cheese - admin
[2021-01-22T16:54:42.110] [DEBUG] cheese - null
[2021-01-22T16:54:42.110] [DEBUG] cheese - null
[2021-01-22T16:55:07.545] [DEBUG] cheese - login => username:admin,password:123456
[2021-01-22T16:55:07.549] [DEBUG] cheese - admin
[2021-01-22T16:55:07.596] [DEBUG] cheese - null
[2021-01-22T16:55:07.596] [DEBUG] cheese - null
[2021-01-27T11:48:50.892] [DEBUG] cheese - login => username:admin,password:123456
[2021-01-27T11:48:50.898] [DEBUG] cheese - admin
[2021-01-27T11:48:50.932] [DEBUG] cheese - null
[2021-01-27T11:48:50.932] [DEBUG] cheese - null
